<?xml version="1.0" encoding="UTF-8"?>
<!-- Generated by org.testng.reporters.JUnitXMLReporter -->
<testsuite ignored="0" hostname="Aqib-Mehmood" failures="0" tests="3" name="Default test" time="41.593" errors="0" timestamp="2023-01-31T13:28:13 PKT">
  <testcase classname="apache_POI.DataDrivenTesting" name="loginTest" time="32.838"/>
  <testcase classname="apache_POI.DataDrivenTesting" name="loginTest" time="1.283"/>
  <testcase classname="apache_POI.DataDrivenTesting" name="loginTest" time="1.488"/>
</testsuite> <!-- Default test -->
