<?xml version="1.0" encoding="UTF-8"?>
<!-- Generated by org.testng.reporters.JUnitXMLReporter -->
<testsuite ignored="8" hostname="Aqib-Mehmood" failures="0" tests="2" name="Test" time="0.076" errors="0" timestamp="2023-01-25T16:33:17 PKT">
  <testcase classname="testng_cases.GroupTestNG" name="method0" time="0.014"/>
  <testcase classname="testng_cases.GroupTestNG" name="method1" time="0.001"/>
  <testcase classname="testng_cases.Annotations" name="Method1" time="0.0">
    <ignored/>
  </testcase> <!-- Method1 -->
  <testcase classname="testng_cases.GroupTestNG" name="method2" time="0.0">
    <ignored/>
  </testcase> <!-- method2 -->
  <testcase classname="testng_cases.Annotations" name="Method3" time="0.0">
    <ignored/>
  </testcase> <!-- Method3 -->
  <testcase classname="testng_cases.GroupTestNG" name="method3" time="0.0">
    <ignored/>
  </testcase> <!-- method3 -->
  <testcase classname="testng_cases.DemoTestNg" name="TestNgDemo" time="0.0">
    <ignored/>
  </testcase> <!-- TestNgDemo -->
  <testcase classname="testng_cases.Annotations" name="Method2" time="0.0">
    <ignored/>
  </testcase> <!-- Method2 -->
  <testcase classname="testng_cases.DemoTestNg" name="Method2" time="0.0">
    <ignored/>
  </testcase> <!-- Method2 -->
  <testcase classname="testng_cases.AssertionTestNg" name="AssertDemo" time="0.0">
    <ignored/>
  </testcase> <!-- AssertDemo -->
</testsuite> <!-- Test -->
