<?xml version="1.0" encoding="UTF-8"?>
<!-- Generated by org.testng.reporters.JUnitXMLReporter -->
<testsuite ignored="1" hostname="Aqib-Mehmood" failures="0" tests="3" name="GRP-regression" time="0.092" errors="0" timestamp="2023-01-25T15:59:22 PKT">
  <testcase classname="testng_cases.GroupTestNG" name="method0" time="0.012"/>
  <testcase classname="testng_cases.GroupTestNG" name="method1" time="0.006"/>
  <testcase classname="testng_cases.GroupTestNG" name="method3" time="0.005"/>
  <testcase classname="testng_cases.GroupTestNG" name="method2" time="0.0">
    <ignored/>
  </testcase> <!-- method2 -->
</testsuite> <!-- GRP-regression -->
