<?xml version="1.0" encoding="UTF-8"?>
<!-- Generated by org.testng.reporters.JUnitXMLReporter -->
<testsuite ignored="0" hostname="Aqib-Mehmood" failures="0" tests="4" name="Test" time="0.083" errors="0" timestamp="2023-01-26T16:52:06 PKT">
  <testcase classname="testng_cases.ReportGenerationCases" name="reportMethod1" time="0.012"/>
  <testcase classname="testng_cases.ReportGenerationCases" name="reportMethod2" time="0.002"/>
  <testcase classname="testng_cases.ReportGenerationCases" name="reportMethod3" time="0.003"/>
  <testcase classname="testng_cases.ReportGenerationCases" name="reportMethod4" time="0.004"/>
</testsuite> <!-- Test -->
