<?xml version="1.0" encoding="UTF-8"?>
<!-- Generated by org.testng.reporters.JUnitXMLReporter -->
<testsuite ignored="0" hostname="Aqib-Mehmood" failures="0" tests="2" name="Command line test" time="27.844" errors="0" timestamp="2023-02-06T13:10:22 PKT">
  <testcase classname="com.sonarwallet.qa.testcases.SecurityDisclaimerTest" name="acceptSecurityDisclaimerTest" time="6.297"/>
  <testcase classname="com.sonarwallet.qa.testcases.SignupPasswordTest" name="createPasswordTest" time="7.921"/>
</testsuite> <!-- Command line test -->
