<?xml version="1.0" encoding="UTF-8"?>
<testng-results ignored="0" total="3" passed="3" failed="0" skipped="0">
  <reporter-output>
  </reporter-output>
  <suite started-at="2023-01-31T13:27:31 PKT" name="Default suite" finished-at="2023-01-31T13:28:13 PKT" duration-ms="41593">
    <groups>
    </groups>
    <test started-at="2023-01-31T13:27:31 PKT" name="Default test" finished-at="2023-01-31T13:28:13 PKT" duration-ms="41593">
      <class name="apache_POI.DataDrivenTesting">
        <test-method is-config="true" signature="setup()[pri:0, instance:apache_POI.DataDrivenTesting@659499f1]" started-at="2023-01-31T13:27:31 PKT" name="setup" finished-at="2023-01-31T13:27:35 PKT" duration-ms="3686" status="PASS">
          <reporter-output>
          </reporter-output>
        </test-method> <!-- setup -->
        <test-method signature="loginTest(java.lang.String,java.lang.String,java.lang.String)[pri:0, instance:apache_POI.DataDrivenTesting@659499f1]" started-at="2023-01-31T13:27:37 PKT" name="loginTest" data-provider="LoginData" finished-at="2023-01-31T13:28:10 PKT" duration-ms="32838" status="PASS">
          <params>
            <param index="0">
              <value>
                <![CDATA[admin@yourstore.com]]>
              </value>
            </param>
            <param index="1">
              <value>
                <![CDATA[admin]]>
              </value>
            </param>
            <param index="2">
              <value>
                <![CDATA[Valid]]>
              </value>
            </param>
          </params>
          <reporter-output>
          </reporter-output>
        </test-method> <!-- loginTest -->
        <test-method signature="loginTest(java.lang.String,java.lang.String,java.lang.String)[pri:0, instance:apache_POI.DataDrivenTesting@659499f1]" started-at="2023-01-31T13:28:10 PKT" name="loginTest" data-provider="LoginData" finished-at="2023-01-31T13:28:11 PKT" duration-ms="1283" status="PASS">
          <params>
            <param index="0">
              <value>
                <![CDATA[admin@yourstore.com]]>
              </value>
            </param>
            <param index="1">
              <value>
                <![CDATA[adm]]>
              </value>
            </param>
            <param index="2">
              <value>
                <![CDATA[Invalid]]>
              </value>
            </param>
          </params>
          <reporter-output>
          </reporter-output>
        </test-method> <!-- loginTest -->
        <test-method signature="loginTest(java.lang.String,java.lang.String,java.lang.String)[pri:0, instance:apache_POI.DataDrivenTesting@659499f1]" started-at="2023-01-31T13:28:11 PKT" name="loginTest" data-provider="LoginData" finished-at="2023-01-31T13:28:13 PKT" duration-ms="1488" status="PASS">
          <params>
            <param index="0">
              <value>
                <![CDATA[adm@yourstore.com]]>
              </value>
            </param>
            <param index="1">
              <value>
                <![CDATA[admin]]>
              </value>
            </param>
            <param index="2">
              <value>
                <![CDATA[Invalid]]>
              </value>
            </param>
          </params>
          <reporter-output>
          </reporter-output>
        </test-method> <!-- loginTest -->
        <test-method is-config="true" signature="tearDown()[pri:0, instance:apache_POI.DataDrivenTesting@659499f1]" started-at="2023-01-31T13:28:13 PKT" name="tearDown" finished-at="2023-01-31T13:28:13 PKT" duration-ms="230" status="PASS">
          <reporter-output>
          </reporter-output>
        </test-method> <!-- tearDown -->
      </class> <!-- apache_POI.DataDrivenTesting -->
    </test> <!-- Default test -->
  </suite> <!-- Default suite -->
</testng-results>
